<?xml version="1.0" encoding="UTF-8"?>
<!-- Generated by org.testng.reporters.JUnitReportReporter -->
<testsuite hostname="LAPTOP-GCEPLDKO" failures="0" tests="1" name="testRunnerSix.TesstRunnerr" time="25.304" errors="0" timestamp="2021-07-14T10:31:11 PDT" skipped="0">
  <testcase classname="testRunnerSix.TesstRunnerr" name="feature" time="25.304"/>
  <system-out/>
</testsuite> <!-- testRunnerSix.TesstRunnerr -->
